<?xml version="1.0" encoding="UTF-8"?>
<!-- Generated by org.testng.reporters.JUnitXMLReporter -->
<testsuite ignored="0" hostname="DESKTOP-M40B6CT" failures="0" tests="1" name="Test" time="88.2" errors="0" timestamp="2023-09-19T18:53:54 IST">
  <testcase classname="com.obsqura.testscripts.Base" name="@BeforeMethod initializeBrowser" time="88.087">
    <failure type="io.github.bonigarcia.wdm.config.WebDriverManagerException" message="There was an error creating WebDriver object for Chrome">
      <![CDATA[io.github.bonigarcia.wdm.config.WebDriverManagerException: There was an error creating WebDriver object for Chrome
at io.github.bonigarcia.wdm.WebDriverManager.instantiateDriver(WebDriverManager.java:1767)
at io.github.bonigarcia.wdm.WebDriverManager.create(WebDriverManager.java:423)
at com.obsqura.testscripts.Base.initializeBrowser(Base.java:36)
at java.base/java.util.ArrayList.forEach(ArrayList.java:1511)
at io.github.bonigarcia.wdm.webdriver.WebDriverCreator.createLocalWebDriver(WebDriverCreator.java:64)
at io.github.bonigarcia.wdm.WebDriverManager.createLocalWebDriver(WebDriverManager.java:1941)
at io.github.bonigarcia.wdm.WebDriverManager.instantiateDriver(WebDriverManager.java:1757)
... 34 more
Caused by: org.openqa.selenium.SessionNotCreatedException: Could not start a new session. Response code 500. Message: session not created: This version of ChromeDriver only supports Chrome version 114
Current browser version is 116.0.5845.188 with binary path C:\Program Files\Google\Chrome\Application\chrome.exe 
Host info: host: 'DESKTOP-M40B6CT', ip: '192.168.9.3'
Build info: version: '4.9.0', revision: 'd7057100a6'
System info: os.name: 'Windows 10', os.arch: 'amd64', os.version: '10.0', java.version: '17.0.1'
Driver info: org.openqa.selenium.chrome.ChromeDriver
Command: [null, newSession {capabilities=[Capabilities {browserName: chrome, goog:chromeOptions: {args: [--remote-allow-origins=*], extensions: []}}]}]
at org.openqa.selenium.remote.ProtocolHandshake.createSession(ProtocolHandshake.java:136)
at org.openqa.selenium.remote.ProtocolHandshake.createSession(ProtocolHandshake.java:94)
at org.openqa.selenium.remote.ProtocolHandshake.createSession(ProtocolHandshake.java:68)
at org.openqa.selenium.remote.HttpCommandExecutor.execute(HttpCommandExecutor.java:165)
at org.openqa.selenium.remote.service.DriverCommandExecutor.invokeExecute(DriverCommandExecutor.java:183)
at org.openqa.selenium.remote.service.DriverCommandExecutor.execute(DriverCommandExecutor.java:158)
at org.openqa.selenium.remote.RemoteWebDriver.execute(RemoteWebDriver.java:543)
at org.openqa.selenium.remote.RemoteWebDriver.startSession(RemoteWebDriver.java:229)
at org.openqa.selenium.remote.RemoteWebDriver.<init>(RemoteWebDriver.java:157)
at org.openqa.selenium.chromium.ChromiumDriver.<init>(ChromiumDriver.java:101)
at org.openqa.selenium.chrome.ChromeDriver.<init>(ChromeDriver.java:88)
at org.openqa.selenium.chrome.ChromeDriver.<init>(ChromeDriver.java:84)
at org.openqa.selenium.chrome.ChromeDriver.<init>(ChromeDriver.java:52)
... 42 more
... Removed 37 stack frames]]>
    </failure>
  </testcase> <!-- @BeforeMethod initializeBrowser -->
  <testcase classname="com.obsqura.testscripts.Base" name="@AfterMethod browserQuit" time="0.001">
    <failure type="java.lang.NullPointerException" message="Cannot invoke &amp;quot;org.openqa.selenium.WebDriver.quit()&amp;quot; because &amp;quot;this.driver&amp;quot; is null">
      <![CDATA[java.lang.NullPointerException: Cannot invoke "org.openqa.selenium.WebDriver.quit()" because "this.driver" is null
at com.obsqura.testscripts.Base.browserQuit(Base.java:53)
at java.base/java.util.ArrayList.forEach(ArrayList.java:1511)
... Removed 32 stack frames]]>
    </failure>
  </testcase> <!-- @AfterMethod browserQuit -->
  <testcase classname="com.obsqura.testscripts.ManageDeliveryBoyTest" name="verifyManageDeliveryBoySuccessCreation" time="0.0">
    <skipped/>
  </testcase> <!-- verifyManageDeliveryBoySuccessCreation -->
</testsuite> <!-- Test -->
