<?xml version="1.0" encoding="UTF-8"?>
<!-- Generated by org.testng.reporters.JUnitXMLReporter -->
<testsuite ignored="1" hostname="DESKTOP-M40B6CT" failures="0" tests="1" name="Chrome Test" time="97.551" errors="0" timestamp="2023-08-14T07:13:58 IST">
  <testcase classname="com.obsqura.testscripts.ManageLocationTest" name="verifyUserAbleToAddLocationInformation" time="4.213"/>
  <testcase classname="com.obsqura.testscripts.ManageLocationTest" name="verify_UserAbleToUpdateLocation" time="0.0">
    <ignored/>
  </testcase> <!-- verify_UserAbleToUpdateLocation -->
</testsuite> <!-- Chrome Test -->
