<?xml version="1.0" encoding="UTF-8"?>
<!-- Generated by org.testng.reporters.JUnitXMLReporter -->
<testsuite ignored="1" hostname="DESKTOP-M40B6CT" failures="0" tests="1" name="Edge Test" time="14.459" errors="0" timestamp="2023-08-14T07:12:35 IST">
  <testcase classname="com.obsqura.testscripts.ManageLocationTest" name="verifyUserAbleToAddLocationInformation" time="7.293"/>
  <testcase classname="com.obsqura.testscripts.ManageLocationTest" name="verify_UserAbleToUpdateLocation" time="0.0">
    <ignored/>
  </testcase> <!-- verify_UserAbleToUpdateLocation -->
</testsuite> <!-- Edge Test -->
