<?xml version="1.0" encoding="UTF-8"?>
<!-- Generated by org.testng.reporters.JUnitXMLReporter -->
<testsuite ignored="2" hostname="DESKTOP-M40B6CT" failures="0" tests="2" name="Test" time="100.007" errors="0" timestamp="2023-08-14T07:32:18 IST">
  <testcase classname="com.obsqura.testscripts.LoginTest" name="verifyUserUnableToLoginInValidCredentials" time="1.01"/>
  <testcase classname="com.obsqura.testscripts.LoginTest" name="verifyUserUnableToLoginValidUserNameInvalidPassword" time="2.392"/>
  <testcase classname="com.obsqura.testscripts.LoginTest" name="verifyUserAbleToLoginValidCredentials" time="0.0">
    <ignored/>
  </testcase> <!-- verifyUserAbleToLoginValidCredentials -->
  <testcase classname="com.obsqura.testscripts.LoginTest" name="verifyUserUnableToLoginInValidUserNameValidPassword" time="0.0">
    <ignored/>
  </testcase> <!-- verifyUserUnableToLoginInValidUserNameValidPassword -->
</testsuite> <!-- Test -->
